type=SYSCALL msg=audit(1471074506.946:35559676): arch=c000003e syscall=1 success=yes exit=8 a0=4 a1=7fc786f02cb8 a2=8 a3=0 items=0 ppid=1 pid=1236 auid=4294967295 uid=0 gid=0 euid=0 suid=0 fsuid=0 egid=0 sgid=0 fsgid=0 tty=(none) ses=4294967295 comm="gmain" exe="/usr/lib/accountsservice/accounts-daemon" key=(null)
type=UNKNOWN[1327] msg=audit(1471074506.946:35559676): proctitle="/usr/lib/accountsservice/accounts-daemon"
type=SYSCALL msg=audit(1471074506.946:35559677): arch=c000003e syscall=0 success=yes exit=32 a0=7 a1=7fc7780188a0 a2=400 a3=0 items=0 ppid=1 pid=1236 auid=4294967295 uid=0 gid=0 euid=0 suid=0 fsuid=0 egid=0 sgid=0 fsgid=0 tty=(none) ses=4294967295 comm="gmain" exe="/usr/lib/accountsservice/accounts-daemon" key=(null)
type=UNKNOWN[1327] msg=audit(1471074506.946:35559677): proctitle="/usr/lib/accountsservice/accounts-daemon"
type=SYSCALL msg=audit(1471074506.946:35559678): arch=c000003e syscall=0 success=no exit=-11 a0=7 a1=7fc7780188c0 a2=400 a3=0 items=0 ppid=1 pid=1236 auid=4294967295 uid=0 gid=0 euid=0 suid=0 fsuid=0 egid=0 sgid=0 fsgid=0 tty=(none) ses=4294967295 comm="gmain" exe="/usr/lib/accountsservice/accounts-daemon" key=(null)
type=UNKNOWN[1327] msg=audit(1471074506.946:35559678): proctitle="/usr/lib/accountsservice/accounts-daemon"
type=SYSCALL msg=audit(1471074506.946:35559679): arch=c000003e syscall=1 success=yes exit=8 a0=4 a1=7fc786f02cb8 a2=8 a3=e8044 items=0 ppid=1 pid=1236 auid=4294967295 uid=0 gid=0 euid=0 suid=0 fsuid=0 egid=0 sgid=0 fsgid=0 tty=(none) ses=4294967295 comm="gmain" exe="/usr/lib/accountsservice/accounts-daemon" key=(null)
type=UNKNOWN[1327] msg=audit(1471074506.946:35559679): proctitle="/usr/lib/accountsservice/accounts-daemon"
type=SYSCALL msg=audit(1471074506.946:35559680): arch=c000003e syscall=7 success=yes exit=1 a0=7fc7780008c0 a1=2 a2=3c2 a3=19b7a2c3 items=0 ppid=1 pid=1236 auid=4294967295 uid=0 gid=0 euid=0 suid=0 fsuid=0 egid=0 sgid=0 fsgid=0 tty=(none) ses=4294967295 comm="gmain" exe="/usr/lib/accountsservice/accounts-daemon" key=(null)
type=UNKNOWN[1327] msg=audit(1471074506.946:35559680): proctitle="/usr/lib/accountsservice/accounts-daemon"
type=SYSCALL msg=audit(1471074506.946:35559681): arch=c000003e syscall=0 success=yes exit=8 a0=4 a1=7fc786f02cd0 a2=10 a3=19b7a2c3 items=0 ppid=1 pid=1236 auid=4294967295 uid=0 gid=0 euid=0 suid=0 fsuid=0 egid=0 sgid=0 fsgid=0 tty=(none) ses=4294967295 comm="gmain" exe="/usr/lib/accountsservice/accounts-daemon" key=(null)
type=UNKNOWN[1327] msg=audit(1471074506.946:35559681): proctitle="/usr/lib/accountsservice/accounts-daemon"
type=SYSCALL msg=audit(1471074506.934:35559682): arch=c000003e syscall=0 success=yes exit=4 a0=3 a1=7fff4f5d40a0 a2=4 a3=7f27f517aa10 items=0 ppid=49011 pid=49012 auid=1003 uid=0 gid=0 euid=0 suid=0 fsuid=0 egid=0 sgid=0 fsgid=0 tty=pts8 ses=10 comm="auditd" exe="/sbin/auditd" key=(null)
type=UNKNOWN[1327] msg=audit(1471074506.934:35559682): proctitle=7375646F00656E7600504154483D2F7573722F6C6F63616C2F62696E3A2F7573722F6C6F63616C2F7362696E3A2F686F6D652F76616772616E742F54524143452F42494E2F3A2F686F6D652F76616772616E742F554253492F736372697074732F3A2F686F6D652F76616772616E742F554253492F6C6F675F616E616C797A65
type=SYSCALL msg=audit(1471074506.946:35559683): arch=c000003e syscall=231 a0=0 a1=7fff4f5d40a0 a2=0 a3=ffffffffffffff60 items=0 ppid=49011 pid=49012 auid=1003 uid=0 gid=0 euid=0 suid=0 fsuid=0 egid=0 sgid=0 fsgid=0 tty=pts8 ses=10 comm="auditd" exe="/sbin/auditd" key=(null)
type=UNKNOWN[1327] msg=audit(1471074506.946:35559683): proctitle=7375646F00656E7600504154483D2F7573722F6C6F63616C2F62696E3A2F7573722F6C6F63616C2F7362696E3A2F686F6D652F76616772616E742F54524143452F42494E2F3A2F686F6D652F76616772616E742F554253492F736372697074732F3A2F686F6D652F76616772616E742F554253492F6C6F675F616E616C797A65
type=SYSCALL msg=audit(1471074506.930:35559684): arch=c000003e syscall=7 success=no exit=-4 a0=55dbbfbd0d60 a1=1 a2=ffffffff a3=100 items=0 ppid=49005 pid=49011 auid=1003 uid=0 gid=1003 euid=0 suid=0 fsuid=0 egid=1003 sgid=1003 fsgid=1003 tty=pts8 ses=10 comm="sudo" exe="/usr/bin/sudo" key=(null)
type=UNKNOWN[1327] msg=audit(1471074506.930:35559684): proctitle=2F62696E2F62617368002F686F6D652F76616772616E742F554253492F736372697074732F61756469742E7368
type=SYSCALL msg=audit(1471074506.950:35559685): arch=c000003e syscall=1 success=yes exit=1 a0=7 a1=7fffa0e14367 a2=1 a3=7fffa0e14120 items=0 ppid=49005 pid=49011 auid=1003 uid=0 gid=1003 euid=0 suid=0 fsuid=0 egid=1003 sgid=1003 fsgid=1003 tty=pts8 ses=10 comm="sudo" exe="/usr/bin/sudo" key=(null)
type=UNKNOWN[1327] msg=audit(1471074506.950:35559685): proctitle=2F62696E2F62617368002F686F6D652F76616772616E742F554253492F736372697074732F61756469742E7368
type=SYSCALL msg=audit(1471074506.950:35559686): arch=c000003e syscall=15 success=no exit=-4 a0=7 a1=7fffa0e14367 a2=1 a3=7fffa0e14120 items=0 ppid=49005 pid=49011 auid=1003 uid=0 gid=1003 euid=0 suid=0 fsuid=0 egid=1003 sgid=1003 fsgid=1003 tty=pts8 ses=10 comm="sudo" exe="/usr/bin/sudo" key=(null)
type=UNKNOWN[1327] msg=audit(1471074506.950:35559686): proctitle=2F62696E2F62617368002F686F6D652F76616772616E742F554253492F736372697074732F61756469742E7368
type=SYSCALL msg=audit(1471074506.950:35559687): arch=c000003e syscall=7 success=yes exit=1 a0=55dbbfbd0d60 a1=1 a2=ffffffff a3=100 items=0 ppid=49005 pid=49011 auid=1003 uid=0 gid=1003 euid=0 suid=0 fsuid=0 egid=1003 sgid=1003 fsgid=1003 tty=pts8 ses=10 comm="sudo" exe="/usr/bin/sudo" key=(null)
type=UNKNOWN[1327] msg=audit(1471074506.950:35559687): proctitle=2F62696E2F62617368002F686F6D652F76616772616E742F554253492F736372697074732F61756469742E7368
type=SYSCALL msg=audit(1471074506.950:35559688): arch=c000003e syscall=0 success=yes exit=1 a0=6 a1=7fffa0e147eb a2=1 a3=100 items=0 ppid=49005 pid=49011 auid=1003 uid=0 gid=1003 euid=0 suid=0 fsuid=0 egid=1003 sgid=1003 fsgid=1003 tty=pts8 ses=10 comm="sudo" exe="/usr/bin/sudo" key=(null)
